INFO 2021-08-11 17:50:45,359 autoreload 14524 13812 Watching for file changes with StatReloader
INFO 2021-08-11 17:51:43,098 autoreload 13148 4936 Watching for file changes with StatReloader
INFO 2021-08-11 17:54:01,957 autoreload 13424 12020 Watching for file changes with StatReloader
INFO 2021-08-11 17:55:30,458 autoreload 13424 12020 E:\doplat\doplat\settings.py changed, reloading.
INFO 2021-08-11 17:55:31,154 autoreload 13516 12284 Watching for file changes with StatReloader
INFO 2021-08-11 17:55:50,406 autoreload 14712 7108 Watching for file changes with StatReloader
INFO 2021-08-11 18:04:25,908 autoreload 11500 6440 Watching for file changes with StatReloader
INFO 2021-08-11 18:06:05,925 autoreload 14160 12808 Watching for file changes with StatReloader
INFO 2021-08-11 18:17:36,448 autoreload 14160 12808 E:\doplat\doplat\settings.py changed, reloading.
INFO 2021-08-11 18:17:38,181 autoreload 7888 13660 Watching for file changes with StatReloader
INFO 2021-08-11 18:26:16,027 autoreload 7888 13660 E:\doplat\doplat\settings.py changed, reloading.
INFO 2021-08-11 18:26:17,575 autoreload 11464 9380 Watching for file changes with StatReloader
INFO 2021-08-11 18:27:59,557 autoreload 11464 9380 E:\doplat\doplat\settings.py changed, reloading.
INFO 2021-08-11 18:28:01,170 autoreload 6336 12712 Watching for file changes with StatReloader
INFO 2021-08-12 09:34:43,650 autoreload 1548 10276 Watching for file changes with StatReloader
INFO 2021-08-12 09:35:53,919 autoreload 3468 10244 Watching for file changes with StatReloader
INFO 2021-08-12 09:45:23,201 autoreload 3628 7352 Watching for file changes with StatReloader
INFO 2021-08-12 09:51:25,561 autoreload 10060 5292 Watching for file changes with StatReloader
INFO 2021-08-12 09:53:58,508 autoreload 4732 9432 Watching for file changes with StatReloader
INFO 2021-08-12 09:55:19,170 autoreload 10528 8792 Watching for file changes with StatReloader
INFO 2021-08-12 09:57:05,813 autoreload 7252 7268 Watching for file changes with StatReloader
INFO 2021-08-12 10:59:14,620 autoreload 1508 11948 Watching for file changes with StatReloader
INFO 2021-08-12 11:16:02,118 autoreload 12236 9716 Watching for file changes with StatReloader
INFO 2021-08-12 11:16:22,551 autoreload 9256 11976 Watching for file changes with StatReloader
INFO 2021-08-12 11:16:42,101 autoreload 1164 11336 Watching for file changes with StatReloader
INFO 2021-08-12 11:17:22,346 autoreload 3356 3084 Watching for file changes with StatReloader
INFO 2021-08-12 11:18:44,488 autoreload 9640 10324 Watching for file changes with StatReloader
INFO 2021-08-12 11:19:13,319 autoreload 4136 8632 Watching for file changes with StatReloader
INFO 2021-08-12 11:20:36,065 autoreload 4136 8632 E:\doplat\authperm\serializers\group.py changed, reloading.
INFO 2021-08-12 11:20:37,763 autoreload 8148 6888 Watching for file changes with StatReloader
INFO 2021-08-12 11:57:01,507 autoreload 9696 4920 Watching for file changes with StatReloader
INFO 2021-08-12 11:58:15,159 autoreload 12012 4968 Watching for file changes with StatReloader
INFO 2021-08-12 12:07:25,334 autoreload 5088 5224 Watching for file changes with StatReloader
INFO 2021-08-12 13:51:40,466 autoreload 5088 5224 E:\doplat\app\admin.py changed, reloading.
INFO 2021-08-12 13:51:42,371 autoreload 1484 11976 Watching for file changes with StatReloader
INFO 2021-08-12 13:52:15,869 autoreload 1484 11976 E:\doplat\authperm\admin.py changed, reloading.
INFO 2021-08-12 13:52:17,775 autoreload 10536 10124 Watching for file changes with StatReloader
INFO 2021-08-12 13:53:45,633 autoreload 6164 6984 Watching for file changes with StatReloader
INFO 2021-08-12 13:57:22,458 autoreload 11932 12904 Watching for file changes with StatReloader
INFO 2021-08-12 13:59:26,916 autoreload 11932 12904 E:\doplat\doplat\urls.py changed, reloading.
INFO 2021-08-12 13:59:28,586 autoreload 12068 1096 Watching for file changes with StatReloader
INFO 2021-08-12 14:04:08,567 autoreload 6248 12392 Watching for file changes with StatReloader
INFO 2021-08-12 14:05:55,511 autoreload 6248 12392 E:\doplat\project\serializers\host.py changed, reloading.
INFO 2021-08-12 14:05:57,286 autoreload 12600 12584 Watching for file changes with StatReloader
INFO 2021-08-12 14:06:45,619 autoreload 12048 10072 Watching for file changes with StatReloader
INFO 2021-08-12 14:07:23,190 autoreload 11984 5552 Watching for file changes with StatReloader
WARNING 2021-08-12 14:07:30,007 log 11984 13128 Not Found: /
WARNING 2021-08-12 14:07:30,008 basehttp 11984 13128 "GET / HTTP/1.1" 404 2342
WARNING 2021-08-12 14:07:30,187 log 11984 13128 Not Found: /favicon.ico
WARNING 2021-08-12 14:07:30,187 basehttp 11984 13128 "GET /favicon.ico HTTP/1.1" 404 2393
INFO 2021-08-12 14:17:14,525 autoreload 11984 5552 E:\doplat\authperm\migrations\__init__.py changed, reloading.
INFO 2021-08-12 14:17:16,154 autoreload 13276 12400 Watching for file changes with StatReloader
INFO 2021-08-12 14:20:27,802 autoreload 12440 2444 Watching for file changes with StatReloader
INFO 2021-08-12 14:21:39,730 autoreload 11696 13140 Watching for file changes with StatReloader
INFO 2021-08-12 14:45:18,203 autoreload 13304 12308 Watching for file changes with StatReloader
WARNING 2021-08-12 14:45:23,694 log 13304 12892 Not Found: /
WARNING 2021-08-12 14:45:23,695 basehttp 13304 12892 "GET / HTTP/1.1" 404 2342
WARNING 2021-08-12 14:45:23,716 log 13304 12892 Not Found: /
WARNING 2021-08-12 14:45:23,717 basehttp 13304 12892 "GET / HTTP/1.1" 404 2342
INFO 2021-08-12 14:45:29,227 basehttp 13304 12892 "GET /admin/ HTTP/1.1" 200 11666
INFO 2021-08-12 14:45:29,266 basehttp 13304 6560 "GET /djstatic/admin/css/nav_sidebar.css HTTP/1.1" 200 2138
INFO 2021-08-12 14:45:29,268 basehttp 13304 12892 "GET /djstatic/admin/css/base.css HTTP/1.1" 200 16307
INFO 2021-08-12 14:45:29,272 basehttp 13304 13092 "GET /djstatic/admin/css/dashboard.css HTTP/1.1" 200 380
INFO 2021-08-12 14:45:29,272 basehttp 13304 12436 "GET /djstatic/admin/css/responsive.css HTTP/1.1" 200 18344
INFO 2021-08-12 14:45:29,280 basehttp 13304 9788 "GET /djstatic/admin/js/nav_sidebar.js HTTP/1.1" 200 1360
INFO 2021-08-12 14:45:29,298 basehttp 13304 13092 "GET /djstatic/admin/css/fonts.css HTTP/1.1" 200 423
INFO 2021-08-12 14:45:29,346 basehttp 13304 13092 "GET /djstatic/admin/img/icon-addlink.svg HTTP/1.1" 200 331
INFO 2021-08-12 14:45:29,346 basehttp 13304 9788 "GET /djstatic/admin/img/icon-changelink.svg HTTP/1.1" 200 380
INFO 2021-08-12 14:45:29,431 basehttp 13304 13092 "GET /djstatic/admin/fonts/Roboto-Bold-webfont.woff HTTP/1.1" 200 86184
INFO 2021-08-12 14:45:29,437 basehttp 13304 9788 "GET /djstatic/admin/fonts/Roboto-Light-webfont.woff HTTP/1.1" 200 85692
INFO 2021-08-12 14:45:29,437 basehttp 13304 12436 "GET /djstatic/admin/fonts/Roboto-Regular-webfont.woff HTTP/1.1" 200 85876
INFO 2021-08-12 14:45:32,328 basehttp 13304 9788 "GET /admin/ HTTP/1.1" 200 11666
INFO 2021-08-12 14:45:35,967 basehttp 13304 9788 "GET /admin/authperm/userinfo/ HTTP/1.1" 200 31167
INFO 2021-08-12 14:45:36,017 basehttp 13304 9788 "GET /djstatic/admin/css/changelists.css HTTP/1.1" 200 6302
INFO 2021-08-12 14:45:36,033 basehttp 13304 12892 "GET /djstatic/admin/js/jquery.init.js HTTP/1.1" 200 347
INFO 2021-08-12 14:45:36,034 basehttp 13304 12436 "GET /admin/jsi18n/ HTTP/1.1" 200 7732
INFO 2021-08-12 14:45:36,046 basehttp 13304 6560 "GET /djstatic/admin/js/core.js HTTP/1.1" 200 5418
INFO 2021-08-12 14:45:36,049 basehttp 13304 9788 "GET /djstatic/admin/js/actions.js HTTP/1.1" 200 6783
INFO 2021-08-12 14:45:36,062 basehttp 13304 1048 "GET /djstatic/admin/js/admin/RelatedObjectLookups.js HTTP/1.1" 200 6078
INFO 2021-08-12 14:45:36,074 basehttp 13304 12892 "GET /djstatic/admin/js/urlify.js HTTP/1.1" 200 8632
INFO 2021-08-12 14:45:36,081 basehttp 13304 12436 "GET /djstatic/admin/js/prepopulate.js HTTP/1.1" 200 1531
INFO 2021-08-12 14:45:36,103 basehttp 13304 13092 "GET /djstatic/admin/js/vendor/jquery/jquery.js HTTP/1.1" 200 287630
INFO 2021-08-12 14:45:36,126 basehttp 13304 13092 "GET /djstatic/admin/img/search.svg HTTP/1.1" 200 458
INFO 2021-08-12 14:45:36,151 basehttp 13304 13092 "GET /djstatic/admin/img/icon-no.svg HTTP/1.1" 200 560
INFO 2021-08-12 14:45:36,163 basehttp 13304 13092 "GET /djstatic/admin/img/icon-yes.svg HTTP/1.1" 200 436
INFO 2021-08-12 14:45:36,179 basehttp 13304 6560 "GET /djstatic/admin/js/vendor/xregexp/xregexp.js HTTP/1.1" 200 232381
INFO 2021-08-12 14:45:36,227 basehttp 13304 6560 "GET /djstatic/admin/img/tooltag-add.svg HTTP/1.1" 200 331
INFO 2021-08-12 14:45:36,231 basehttp 13304 13092 "GET /djstatic/admin/img/sorting-icons.svg HTTP/1.1" 200 1097
INFO 2021-08-12 14:46:44,010 basehttp 13304 13092 "GET /admin/authperm/userinfo/ HTTP/1.1" 200 31167
INFO 2021-08-12 14:46:44,043 basehttp 13304 13092 "GET /admin/jsi18n/ HTTP/1.1" 200 7732
INFO 2021-08-12 14:46:47,252 basehttp 13304 13092 "GET /admin/authperm/userinfo/ HTTP/1.1" 200 31167
INFO 2021-08-12 14:46:47,285 basehttp 13304 13092 "GET /admin/jsi18n/ HTTP/1.1" 200 7732
INFO 2021-08-12 14:47:00,437 autoreload 9676 2444 Watching for file changes with StatReloader
INFO 2021-08-12 14:47:04,799 basehttp 9676 6984 "GET /admin/authperm/userinfo/ HTTP/1.1" 200 31167
INFO 2021-08-12 14:47:04,833 basehttp 9676 6984 "GET /admin/jsi18n/ HTTP/1.1" 200 7732
INFO 2021-08-12 14:47:05,849 basehttp 9676 6984 "GET /admin/authperm/userinfo/ HTTP/1.1" 200 31167
INFO 2021-08-12 14:47:05,880 basehttp 9676 6984 "GET /admin/jsi18n/ HTTP/1.1" 200 7732
INFO 2021-08-12 14:47:06,271 basehttp 9676 6984 "GET /admin/authperm/userinfo/ HTTP/1.1" 200 31167
INFO 2021-08-12 14:47:06,301 basehttp 9676 6984 "GET /admin/jsi18n/ HTTP/1.1" 200 7732
INFO 2021-08-12 14:47:06,695 basehttp 9676 6984 "GET /admin/authperm/userinfo/ HTTP/1.1" 200 31167
INFO 2021-08-12 14:47:06,723 basehttp 9676 6984 "GET /admin/jsi18n/ HTTP/1.1" 200 7732
INFO 2021-08-12 14:47:39,312 basehttp 9676 6984 "GET /admin/authperm/userinfo/ HTTP/1.1" 200 31167
INFO 2021-08-12 14:47:39,369 basehttp 9676 6984 "GET /djstatic/admin/css/base.css HTTP/1.1" 200 16307
INFO 2021-08-12 14:47:39,374 basehttp 9676 6984 "GET /djstatic/admin/css/responsive.css HTTP/1.1" 200 18344
INFO 2021-08-12 14:47:39,380 basehttp 9676 6984 "GET /djstatic/admin/js/core.js HTTP/1.1" 200 5418
INFO 2021-08-12 14:47:39,383 basehttp 9676 11996 "GET /djstatic/admin/css/nav_sidebar.css HTTP/1.1" 200 2138
INFO 2021-08-12 14:47:39,395 basehttp 9676 6984 "GET /djstatic/admin/js/admin/RelatedObjectLookups.js HTTP/1.1" 200 6078
INFO 2021-08-12 14:47:39,398 basehttp 9676 13308 "GET /djstatic/admin/css/changelists.css HTTP/1.1" 200 6302
INFO 2021-08-12 14:47:39,406 basehttp 9676 11996 "GET /djstatic/admin/js/actions.js HTTP/1.1" 200 6783
INFO 2021-08-12 14:47:39,409 basehttp 9676 13308 "GET /djstatic/admin/js/prepopulate.js HTTP/1.1" 200 1531
INFO 2021-08-12 14:47:39,411 basehttp 9676 6984 "GET /djstatic/admin/js/urlify.js HTTP/1.1" 200 8632
INFO 2021-08-12 14:47:39,416 basehttp 9676 11996 "GET /djstatic/admin/js/vendor/xregexp/xregexp.js HTTP/1.1" 200 232381
INFO 2021-08-12 14:47:39,429 basehttp 9676 13308 "GET /djstatic/admin/css/fonts.css HTTP/1.1" 200 423
INFO 2021-08-12 14:47:39,443 basehttp 9676 12604 "GET /admin/jsi18n/ HTTP/1.1" 200 7732
INFO 2021-08-12 14:47:39,470 basehttp 9676 9100 "GET /djstatic/admin/js/vendor/jquery/jquery.js HTTP/1.1" 200 287630
INFO 2021-08-12 14:47:39,476 basehttp 9676 1956 "GET /djstatic/admin/js/jquery.init.js HTTP/1.1" 200 347
INFO 2021-08-12 14:47:39,489 basehttp 9676 1956 "GET /djstatic/admin/js/nav_sidebar.js HTTP/1.1" 200 1360
INFO 2021-08-12 14:47:39,489 basehttp 9676 9100 "GET /djstatic/admin/img/search.svg HTTP/1.1" 200 458
INFO 2021-08-12 14:47:39,576 basehttp 9676 1956 "GET /djstatic/admin/img/icon-yes.svg HTTP/1.1" 200 436
INFO 2021-08-12 14:47:39,577 basehttp 9676 9100 "GET /djstatic/admin/img/icon-no.svg HTTP/1.1" 200 560
INFO 2021-08-12 14:47:39,593 basehttp 9676 12604 "GET /djstatic/admin/img/tooltag-add.svg HTTP/1.1" 200 331
INFO 2021-08-12 14:47:39,594 basehttp 9676 11996 "GET /djstatic/admin/img/icon-addlink.svg HTTP/1.1" 200 331
INFO 2021-08-12 14:47:39,594 basehttp 9676 6984 "GET /djstatic/admin/img/sorting-icons.svg HTTP/1.1" 200 1097
INFO 2021-08-12 14:47:39,596 basehttp 9676 13308 "GET /djstatic/admin/fonts/Roboto-Regular-webfont.woff HTTP/1.1" 200 85876
INFO 2021-08-12 14:47:39,607 basehttp 9676 9100 "GET /djstatic/admin/fonts/Roboto-Light-webfont.woff HTTP/1.1" 200 85692
INFO 2021-08-12 14:47:39,612 basehttp 9676 1956 "GET /djstatic/admin/fonts/Roboto-Bold-webfont.woff HTTP/1.1" 200 86184
INFO 2021-08-12 14:47:43,967 basehttp 9676 1956 "GET /admin/authperm/userinfo/ HTTP/1.1" 200 31167
INFO 2021-08-12 14:47:44,025 basehttp 9676 12604 "GET /djstatic/admin/js/jquery.init.js HTTP/1.1" 200 347
INFO 2021-08-12 14:47:44,026 basehttp 9676 9100 "GET /djstatic/admin/css/nav_sidebar.css HTTP/1.1" 200 2138
INFO 2021-08-12 14:47:44,029 basehttp 9676 13308 "GET /djstatic/admin/css/changelists.css HTTP/1.1" 200 6302
INFO 2021-08-12 14:47:44,037 basehttp 9676 6984 "GET /admin/jsi18n/ HTTP/1.1" 200 7732
INFO 2021-08-12 14:47:44,038 basehttp 9676 1956 "GET /djstatic/admin/css/base.css HTTP/1.1" 200 16307
INFO 2021-08-12 14:47:44,040 basehttp 9676 12604 "GET /djstatic/admin/js/core.js HTTP/1.1" 200 5418
INFO 2021-08-12 14:47:44,041 basehttp 9676 9100 "GET /djstatic/admin/css/responsive.css HTTP/1.1" 200 18344
INFO 2021-08-12 14:47:44,041 basehttp 9676 13308 "GET /djstatic/admin/js/admin/RelatedObjectLookups.js HTTP/1.1" 200 6078
INFO 2021-08-12 14:47:44,044 basehttp 9676 11996 "GET /djstatic/admin/js/vendor/jquery/jquery.js HTTP/1.1" 200 287630
INFO 2021-08-12 14:47:44,056 basehttp 9676 1956 "GET /djstatic/admin/js/actions.js HTTP/1.1" 200 6783
INFO 2021-08-12 14:47:44,063 basehttp 9676 6984 "GET /djstatic/admin/js/urlify.js HTTP/1.1" 200 8632
INFO 2021-08-12 14:47:44,064 basehttp 9676 9100 "GET /djstatic/admin/js/prepopulate.js HTTP/1.1" 200 1531
INFO 2021-08-12 14:47:44,067 basehttp 9676 13308 "GET /djstatic/admin/js/vendor/xregexp/xregexp.js HTTP/1.1" 200 232381
INFO 2021-08-12 14:47:44,083 basehttp 9676 9100 "GET /djstatic/admin/css/fonts.css HTTP/1.1" 200 423
INFO 2021-08-12 14:47:44,107 basehttp 9676 9100 "GET /djstatic/admin/js/nav_sidebar.js HTTP/1.1" 200 1360
INFO 2021-08-12 14:47:44,109 basehttp 9676 13308 "GET /djstatic/admin/img/search.svg HTTP/1.1" 200 458
INFO 2021-08-12 14:47:44,152 basehttp 9676 13308 "GET /djstatic/admin/img/icon-no.svg HTTP/1.1" 200 560
INFO 2021-08-12 14:47:44,155 basehttp 9676 9100 "GET /djstatic/admin/img/icon-yes.svg HTTP/1.1" 200 436
INFO 2021-08-12 14:47:44,160 basehttp 9676 13308 "GET /djstatic/admin/img/icon-addlink.svg HTTP/1.1" 200 331
INFO 2021-08-12 14:47:44,167 basehttp 9676 9100 "GET /djstatic/admin/img/tooltag-add.svg HTTP/1.1" 200 331
INFO 2021-08-12 14:47:44,168 basehttp 9676 6984 "GET /djstatic/admin/fonts/Roboto-Regular-webfont.woff HTTP/1.1" 200 85876
INFO 2021-08-12 14:47:44,194 basehttp 9676 13308 "GET /djstatic/admin/img/sorting-icons.svg HTTP/1.1" 200 1097
INFO 2021-08-12 14:47:44,195 basehttp 9676 11996 "GET /djstatic/admin/fonts/Roboto-Bold-webfont.woff HTTP/1.1" 200 86184
INFO 2021-08-12 14:47:44,195 basehttp 9676 1956 "GET /djstatic/admin/fonts/Roboto-Light-webfont.woff HTTP/1.1" 200 85692
INFO 2021-08-12 14:47:46,622 basehttp 9676 1956 "GET /admin/ HTTP/1.1" 200 11666
INFO 2021-08-12 14:47:46,670 basehttp 9676 13308 "GET /djstatic/admin/css/dashboard.css HTTP/1.1" 200 380
INFO 2021-08-12 14:47:46,670 basehttp 9676 11996 "GET /djstatic/admin/css/nav_sidebar.css HTTP/1.1" 200 2138
INFO 2021-08-12 14:47:46,671 basehttp 9676 6984 "GET /djstatic/admin/css/responsive.css HTTP/1.1" 200 18344
INFO 2021-08-12 14:47:46,671 basehttp 9676 1956 "GET /djstatic/admin/css/base.css HTTP/1.1" 200 16307
INFO 2021-08-12 14:47:46,695 basehttp 9676 11996 "GET /djstatic/admin/js/nav_sidebar.js HTTP/1.1" 200 1360
INFO 2021-08-12 14:47:46,700 basehttp 9676 13308 "GET /djstatic/admin/css/fonts.css HTTP/1.1" 200 423
INFO 2021-08-12 14:47:46,724 basehttp 9676 13308 "GET /djstatic/admin/img/icon-addlink.svg HTTP/1.1" 200 331
INFO 2021-08-12 14:47:46,724 basehttp 9676 11996 "GET /djstatic/admin/img/icon-changelink.svg HTTP/1.1" 200 380
INFO 2021-08-12 14:47:46,736 basehttp 9676 6984 "GET /djstatic/admin/fonts/Roboto-Light-webfont.woff HTTP/1.1" 200 85692
INFO 2021-08-12 14:47:46,736 basehttp 9676 1956 "GET /djstatic/admin/fonts/Roboto-Bold-webfont.woff HTTP/1.1" 200 86184
INFO 2021-08-12 14:47:46,737 basehttp 9676 13308 "GET /djstatic/admin/fonts/Roboto-Regular-webfont.woff HTTP/1.1" 200 85876
INFO 2021-08-12 14:47:51,399 basehttp 9676 1956 "GET /admin/authperm/userinfo/ HTTP/1.1" 200 31167
INFO 2021-08-12 14:47:51,434 basehttp 9676 1956 "GET /djstatic/admin/css/base.css HTTP/1.1" 200 16307
INFO 2021-08-12 14:47:51,439 basehttp 9676 13308 "GET /djstatic/admin/css/nav_sidebar.css HTTP/1.1" 200 2138
INFO 2021-08-12 14:47:51,457 basehttp 9676 6984 "GET /djstatic/admin/css/changelists.css HTTP/1.1" 200 6302
INFO 2021-08-12 14:47:51,457 basehttp 9676 12604 "GET /djstatic/admin/js/jquery.init.js HTTP/1.1" 200 347
INFO 2021-08-12 14:47:51,458 basehttp 9676 1956 "GET /djstatic/admin/js/core.js HTTP/1.1" 200 5418
INFO 2021-08-12 14:47:51,459 basehttp 9676 13308 "GET /djstatic/admin/css/responsive.css HTTP/1.1" 200 18344
INFO 2021-08-12 14:47:51,468 basehttp 9676 11996 "GET /admin/jsi18n/ HTTP/1.1" 200 7732
INFO 2021-08-12 14:47:51,470 basehttp 9676 12604 "GET /djstatic/admin/js/admin/RelatedObjectLookups.js HTTP/1.1" 200 6078
INFO 2021-08-12 14:47:51,471 basehttp 9676 13308 "GET /djstatic/admin/js/prepopulate.js HTTP/1.1" 200 1531
INFO 2021-08-12 14:47:51,472 basehttp 9676 6984 "GET /djstatic/admin/js/actions.js HTTP/1.1" 200 6783
INFO 2021-08-12 14:47:51,474 basehttp 9676 1956 "GET /djstatic/admin/js/urlify.js HTTP/1.1" 200 8632
INFO 2021-08-12 14:47:51,479 basehttp 9676 9100 "GET /djstatic/admin/js/vendor/jquery/jquery.js HTTP/1.1" 200 287630
INFO 2021-08-12 14:47:51,482 basehttp 9676 12604 "GET /djstatic/admin/js/vendor/xregexp/xregexp.js HTTP/1.1" 200 232381
INFO 2021-08-12 14:47:51,511 basehttp 9676 12604 "GET /djstatic/admin/css/fonts.css HTTP/1.1" 200 423
INFO 2021-08-12 14:47:51,546 basehttp 9676 12604 "GET /djstatic/admin/js/nav_sidebar.js HTTP/1.1" 200 1360
INFO 2021-08-12 14:47:51,566 basehttp 9676 12604 "GET /djstatic/admin/img/search.svg HTTP/1.1" 200 458
INFO 2021-08-12 14:47:51,589 basehttp 9676 12604 "GET /djstatic/admin/img/icon-no.svg HTTP/1.1" 200 560
INFO 2021-08-12 14:47:51,591 basehttp 9676 9100 "GET /djstatic/admin/img/icon-yes.svg HTTP/1.1" 200 436
INFO 2021-08-12 14:47:51,611 basehttp 9676 9100 "GET /djstatic/admin/img/icon-addlink.svg HTTP/1.1" 200 331
INFO 2021-08-12 14:47:51,643 basehttp 9676 12604 "GET /djstatic/admin/img/tooltag-add.svg HTTP/1.1" 200 331
INFO 2021-08-12 14:47:51,665 basehttp 9676 13308 "GET /djstatic/admin/img/sorting-icons.svg HTTP/1.1" 200 1097
INFO 2021-08-12 14:47:51,666 basehttp 9676 11996 "GET /djstatic/admin/fonts/Roboto-Bold-webfont.woff HTTP/1.1" 200 86184
INFO 2021-08-12 14:47:51,667 basehttp 9676 6984 "GET /djstatic/admin/fonts/Roboto-Light-webfont.woff HTTP/1.1" 200 85692
INFO 2021-08-12 14:47:51,668 basehttp 9676 1956 "GET /djstatic/admin/fonts/Roboto-Regular-webfont.woff HTTP/1.1" 200 85876
INFO 2021-08-12 14:48:47,996 autoreload 12204 6948 Watching for file changes with StatReloader
INFO 2021-08-12 14:48:52,006 basehttp 12204 12404 "GET /admin/authperm/userinfo/ HTTP/1.1" 200 31167
INFO 2021-08-12 14:48:52,053 basehttp 12204 12404 "GET /djstatic/admin/css/base.css HTTP/1.1" 200 16307
INFO 2021-08-12 14:48:52,059 basehttp 12204 8936 "GET /djstatic/admin/css/changelists.css HTTP/1.1" 200 6302
INFO 2021-08-12 14:48:52,066 basehttp 12204 12812 "GET /djstatic/admin/css/nav_sidebar.css HTTP/1.1" 200 2138
INFO 2021-08-12 14:48:52,071 basehttp 12204 12404 "GET /djstatic/admin/css/responsive.css HTTP/1.1" 200 18344
INFO 2021-08-12 14:48:52,080 basehttp 12204 12812 "GET /djstatic/admin/js/admin/RelatedObjectLookups.js HTTP/1.1" 200 6078
INFO 2021-08-12 14:48:52,087 basehttp 12204 12404 "GET /djstatic/admin/js/actions.js HTTP/1.1" 200 6783
INFO 2021-08-12 14:48:52,088 basehttp 12204 11932 "GET /admin/jsi18n/ HTTP/1.1" 200 7732
INFO 2021-08-12 14:48:52,091 basehttp 12204 8936 "GET /djstatic/admin/js/core.js HTTP/1.1" 200 5418
INFO 2021-08-12 14:48:52,092 basehttp 12204 2516 "GET /djstatic/admin/js/jquery.init.js HTTP/1.1" 200 347
INFO 2021-08-12 14:48:52,093 basehttp 12204 12352 "GET /djstatic/admin/js/vendor/jquery/jquery.js HTTP/1.1" 200 287630
INFO 2021-08-12 14:48:52,098 basehttp 12204 12812 "GET /djstatic/admin/js/urlify.js HTTP/1.1" 200 8632
INFO 2021-08-12 14:48:52,098 basehttp 12204 12404 "GET /djstatic/admin/js/prepopulate.js HTTP/1.1" 200 1531
INFO 2021-08-12 14:48:52,108 basehttp 12204 2516 "GET /djstatic/admin/js/vendor/xregexp/xregexp.js HTTP/1.1" 200 232381
INFO 2021-08-12 14:48:52,120 basehttp 12204 8936 "GET /djstatic/admin/css/fonts.css HTTP/1.1" 200 423
INFO 2021-08-12 14:48:52,147 basehttp 12204 8936 "GET /djstatic/admin/js/nav_sidebar.js HTTP/1.1" 200 1360
INFO 2021-08-12 14:48:52,153 basehttp 12204 2516 "GET /djstatic/admin/img/search.svg HTTP/1.1" 200 458
INFO 2021-08-12 14:48:52,224 basehttp 12204 2516 "GET /djstatic/admin/img/icon-no.svg HTTP/1.1" 200 560
INFO 2021-08-12 14:48:52,227 basehttp 12204 8936 "GET /djstatic/admin/img/icon-yes.svg HTTP/1.1" 200 436
INFO 2021-08-12 14:48:52,245 basehttp 12204 8936 "GET /djstatic/admin/img/icon-addlink.svg HTTP/1.1" 200 331
INFO 2021-08-12 14:48:52,246 basehttp 12204 2516 "GET /djstatic/admin/img/tooltag-add.svg HTTP/1.1" 200 331
INFO 2021-08-12 14:48:52,251 basehttp 12204 11932 "GET /djstatic/admin/img/sorting-icons.svg HTTP/1.1" 200 1097
INFO 2021-08-12 14:48:52,253 basehttp 12204 12352 "GET /djstatic/admin/fonts/Roboto-Regular-webfont.woff HTTP/1.1" 200 85876
INFO 2021-08-12 14:48:52,271 basehttp 12204 12352 "GET /djstatic/admin/fonts/Roboto-Light-webfont.woff HTTP/1.1" 200 85692
INFO 2021-08-12 14:48:52,275 basehttp 12204 11932 "GET /djstatic/admin/fonts/Roboto-Bold-webfont.woff HTTP/1.1" 200 86184
INFO 2021-08-12 14:49:12,977 basehttp 12204 11932 "GET /admin/authperm/userinfo/ HTTP/1.1" 200 31167
INFO 2021-08-12 14:49:13,036 basehttp 12204 12352 "GET /djstatic/admin/css/nav_sidebar.css HTTP/1.1" 200 2138
INFO 2021-08-12 14:49:13,037 basehttp 12204 11932 "GET /djstatic/admin/css/base.css HTTP/1.1" 200 16307
INFO 2021-08-12 14:49:13,038 basehttp 12204 12812 "GET /djstatic/admin/js/jquery.init.js HTTP/1.1" 200 347
INFO 2021-08-12 14:49:13,041 basehttp 12204 2516 "GET /djstatic/admin/css/changelists.css HTTP/1.1" 200 6302
INFO 2021-08-12 14:49:13,054 basehttp 12204 8936 "GET /admin/jsi18n/ HTTP/1.1" 200 7732
INFO 2021-08-12 14:49:13,056 basehttp 12204 12352 "GET /djstatic/admin/css/responsive.css HTTP/1.1" 200 18344
INFO 2021-08-12 14:49:13,058 basehttp 12204 12812 "GET /djstatic/admin/js/admin/RelatedObjectLookups.js HTTP/1.1" 200 6078
INFO 2021-08-12 14:49:13,059 basehttp 12204 11932 "GET /djstatic/admin/js/core.js HTTP/1.1" 200 5418
INFO 2021-08-12 14:49:13,060 basehttp 12204 2516 "GET /djstatic/admin/js/actions.js HTTP/1.1" 200 6783
INFO 2021-08-12 14:49:13,063 basehttp 12204 8936 "GET /djstatic/admin/js/urlify.js HTTP/1.1" 200 8632
INFO 2021-08-12 14:49:13,063 basehttp 12204 12352 "GET /djstatic/admin/js/prepopulate.js HTTP/1.1" 200 1531
INFO 2021-08-12 14:49:13,069 basehttp 12204 12404 "GET /djstatic/admin/js/vendor/jquery/jquery.js HTTP/1.1" 200 287630
INFO 2021-08-12 14:49:13,072 basehttp 12204 12812 "GET /djstatic/admin/js/vendor/xregexp/xregexp.js HTTP/1.1" 200 232381
INFO 2021-08-12 14:49:13,126 basehttp 12204 12812 "GET /djstatic/admin/css/fonts.css HTTP/1.1" 200 423
INFO 2021-08-12 14:49:13,127 basehttp 12204 12404 "GET /djstatic/admin/js/nav_sidebar.js HTTP/1.1" 200 1360
INFO 2021-08-12 14:49:13,134 basehttp 12204 12404 "GET /djstatic/admin/img/search.svg HTTP/1.1" 200 458
INFO 2021-08-12 14:49:13,191 basehttp 12204 12404 "GET /djstatic/admin/img/icon-no.svg HTTP/1.1" 200 560
INFO 2021-08-12 14:49:13,193 basehttp 12204 12812 "GET /djstatic/admin/img/icon-yes.svg HTTP/1.1" 200 436
INFO 2021-08-12 14:49:13,226 basehttp 12204 2516 "GET /djstatic/admin/img/tooltag-add.svg HTTP/1.1" 200 331
INFO 2021-08-12 14:49:13,227 basehttp 12204 12404 "GET /djstatic/admin/img/icon-addlink.svg HTTP/1.1" 200 331
INFO 2021-08-12 14:49:13,227 basehttp 12204 8936 "GET /djstatic/admin/img/sorting-icons.svg HTTP/1.1" 200 1097
INFO 2021-08-12 14:49:13,229 basehttp 12204 12352 "GET /djstatic/admin/fonts/Roboto-Regular-webfont.woff HTTP/1.1" 200 85876
INFO 2021-08-12 14:49:13,238 basehttp 12204 12812 "GET /djstatic/admin/fonts/Roboto-Light-webfont.woff HTTP/1.1" 200 85692
INFO 2021-08-12 14:49:13,239 basehttp 12204 11932 "GET /djstatic/admin/fonts/Roboto-Bold-webfont.woff HTTP/1.1" 200 86184
INFO 2021-08-12 14:49:43,071 basehttp 12204 11932 "GET /admin/authperm/userinfo/ HTTP/1.1" 200 31167
INFO 2021-08-12 14:49:43,116 basehttp 12204 11932 "GET /djstatic/admin/css/base.css HTTP/1.1" 200 16307
INFO 2021-08-12 14:49:43,121 basehttp 12204 12812 "GET /djstatic/admin/css/nav_sidebar.css HTTP/1.1" 200 2138
INFO 2021-08-12 14:49:43,123 basehttp 12204 12352 "GET /djstatic/admin/css/changelists.css HTTP/1.1" 200 6302
INFO 2021-08-12 14:49:43,138 basehttp 12204 8936 "GET /admin/jsi18n/ HTTP/1.1" 200 7732
INFO 2021-08-12 14:49:43,138 basehttp 12204 11932 "GET /djstatic/admin/css/responsive.css HTTP/1.1" 200 18344
INFO 2021-08-12 14:49:43,139 basehttp 12204 2516 "GET /djstatic/admin/js/jquery.init.js HTTP/1.1" 200 347
INFO 2021-08-12 14:49:43,142 basehttp 12204 12352 "GET /djstatic/admin/js/admin/RelatedObjectLookups.js HTTP/1.1" 200 6078
INFO 2021-08-12 14:49:43,143 basehttp 12204 12812 "GET /djstatic/admin/js/core.js HTTP/1.1" 200 5418
INFO 2021-08-12 14:49:43,145 basehttp 12204 11932 "GET /djstatic/admin/js/actions.js HTTP/1.1" 200 6783
INFO 2021-08-12 14:49:43,150 basehttp 12204 8936 "GET /djstatic/admin/js/urlify.js HTTP/1.1" 200 8632
INFO 2021-08-12 14:49:43,151 basehttp 12204 2516 "GET /djstatic/admin/js/prepopulate.js HTTP/1.1" 200 1531
INFO 2021-08-12 14:49:43,154 basehttp 12204 12404 "GET /djstatic/admin/js/vendor/jquery/jquery.js HTTP/1.1" 200 287630
INFO 2021-08-12 14:49:43,181 basehttp 12204 12352 "GET /djstatic/admin/js/vendor/xregexp/xregexp.js HTTP/1.1" 200 232381
INFO 2021-08-12 14:49:43,218 basehttp 12204 8936 "GET /djstatic/admin/css/fonts.css HTTP/1.1" 200 423
INFO 2021-08-12 14:49:43,233 basehttp 12204 8936 "GET /djstatic/admin/img/search.svg HTTP/1.1" 200 458
INFO 2021-08-12 14:49:43,234 basehttp 12204 12352 "GET /djstatic/admin/js/nav_sidebar.js HTTP/1.1" 200 1360
INFO 2021-08-12 14:49:43,303 basehttp 12204 8936 "GET /djstatic/admin/img/icon-yes.svg HTTP/1.1" 200 436
INFO 2021-08-12 14:49:43,303 basehttp 12204 12352 "GET /djstatic/admin/img/icon-no.svg HTTP/1.1" 200 560
INFO 2021-08-12 14:49:43,322 basehttp 12204 8936 "GET /djstatic/admin/img/icon-addlink.svg HTTP/1.1" 200 331
INFO 2021-08-12 14:49:43,328 basehttp 12204 12352 "GET /djstatic/admin/img/tooltag-add.svg HTTP/1.1" 200 331
INFO 2021-08-12 14:49:43,328 basehttp 12204 8936 "GET /djstatic/admin/img/sorting-icons.svg HTTP/1.1" 200 1097
INFO 2021-08-12 14:49:43,329 basehttp 12204 12404 "GET /djstatic/admin/fonts/Roboto-Regular-webfont.woff HTTP/1.1" 200 85876
INFO 2021-08-12 14:49:43,337 basehttp 12204 8936 "GET /djstatic/admin/fonts/Roboto-Bold-webfont.woff HTTP/1.1" 200 86184
INFO 2021-08-12 14:49:43,338 basehttp 12204 12404 "GET /djstatic/admin/fonts/Roboto-Light-webfont.woff HTTP/1.1" 200 85692
INFO 2021-08-12 14:50:32,156 autoreload 3804 12748 Watching for file changes with StatReloader
INFO 2021-08-12 14:50:37,883 basehttp 3804 10324 "GET /admin/authperm/userinfo/ HTTP/1.1" 200 31167
INFO 2021-08-12 14:50:37,923 basehttp 3804 10324 "GET /djstatic/admin/css/base.css HTTP/1.1" 200 16307
INFO 2021-08-12 14:50:37,931 basehttp 3804 10324 "GET /djstatic/admin/css/responsive.css HTTP/1.1" 200 18344
INFO 2021-08-12 14:50:37,931 basehttp 3804 12956 "GET /djstatic/admin/js/jquery.init.js HTTP/1.1" 200 347
INFO 2021-08-12 14:50:37,940 basehttp 3804 10324 "GET /djstatic/admin/js/admin/RelatedObjectLookups.js HTTP/1.1" 200 6078
INFO 2021-08-12 14:50:37,940 basehttp 3804 12956 "GET /djstatic/admin/js/core.js HTTP/1.1" 200 5418
INFO 2021-08-12 14:50:37,943 basehttp 3804 12116 "GET /djstatic/admin/js/vendor/jquery/jquery.js HTTP/1.1" 200 287630
INFO 2021-08-12 14:50:37,950 basehttp 3804 12956 "GET /djstatic/admin/js/actions.js HTTP/1.1" 200 6783
INFO 2021-08-12 14:50:37,950 basehttp 3804 10324 "GET /djstatic/admin/js/urlify.js HTTP/1.1" 200 8632
INFO 2021-08-12 14:50:37,961 basehttp 3804 9788 "GET /admin/jsi18n/ HTTP/1.1" 200 7732
INFO 2021-08-12 14:50:37,971 basehttp 3804 12116 "GET /djstatic/admin/js/prepopulate.js HTTP/1.1" 200 1531
INFO 2021-08-12 14:50:37,973 basehttp 3804 12956 "GET /djstatic/admin/js/vendor/xregexp/xregexp.js HTTP/1.1" 200 232381
INFO 2021-08-12 14:50:37,981 basehttp 3804 2444 "GET /djstatic/admin/css/changelists.css HTTP/1.1" 200 6302
INFO 2021-08-12 14:50:37,993 basehttp 3804 9788 "GET /djstatic/admin/css/fonts.css HTTP/1.1" 200 423
INFO 2021-08-12 14:50:38,012 basehttp 3804 12956 "GET /djstatic/admin/js/nav_sidebar.js HTTP/1.1" 200 1360
INFO 2021-08-12 14:50:38,016 basehttp 3804 12540 "GET /djstatic/admin/css/nav_sidebar.css HTTP/1.1" 200 2138
INFO 2021-08-12 14:50:38,022 basehttp 3804 12956 "GET /djstatic/admin/img/search.svg HTTP/1.1" 200 458
INFO 2021-08-12 14:50:38,049 basehttp 3804 12540 "GET /djstatic/admin/img/icon-no.svg HTTP/1.1" 200 560
INFO 2021-08-12 14:50:38,094 basehttp 3804 12540 "GET /djstatic/admin/img/icon-yes.svg HTTP/1.1" 200 436
INFO 2021-08-12 14:50:38,142 basehttp 3804 12540 "GET /djstatic/admin/img/icon-addlink.svg HTTP/1.1" 200 331
INFO 2021-08-12 14:50:38,147 basehttp 3804 12956 "GET /djstatic/admin/img/tooltag-add.svg HTTP/1.1" 200 331
INFO 2021-08-12 14:50:38,147 basehttp 3804 2444 "GET /djstatic/admin/img/sorting-icons.svg HTTP/1.1" 200 1097
INFO 2021-08-12 14:50:38,149 basehttp 3804 9788 "GET /djstatic/admin/fonts/Roboto-Regular-webfont.woff HTTP/1.1" 200 85876
INFO 2021-08-12 14:50:38,159 basehttp 3804 12540 "GET /djstatic/admin/fonts/Roboto-Light-webfont.woff HTTP/1.1" 200 85692
INFO 2021-08-12 14:50:38,161 basehttp 3804 12116 "GET /djstatic/admin/fonts/Roboto-Bold-webfont.woff HTTP/1.1" 200 86184
INFO 2021-08-12 14:50:40,104 basehttp 3804 12116 "GET /admin/authperm/userinfo/ HTTP/1.1" 200 31167
INFO 2021-08-12 14:50:40,160 basehttp 3804 12540 "GET /djstatic/admin/css/nav_sidebar.css HTTP/1.1" 200 2138
INFO 2021-08-12 14:50:40,160 basehttp 3804 10324 "GET /djstatic/admin/js/jquery.init.js HTTP/1.1" 200 347
INFO 2021-08-12 14:50:40,162 basehttp 3804 9788 "GET /djstatic/admin/css/changelists.css HTTP/1.1" 200 6302
INFO 2021-08-12 14:50:40,166 basehttp 3804 12116 "GET /djstatic/admin/css/base.css HTTP/1.1" 200 16307
INFO 2021-08-12 14:50:40,170 basehttp 3804 2444 "GET /admin/jsi18n/ HTTP/1.1" 200 7732
INFO 2021-08-12 14:50:40,175 basehttp 3804 9788 "GET /djstatic/admin/css/responsive.css HTTP/1.1" 200 18344
INFO 2021-08-12 14:50:40,176 basehttp 3804 12540 "GET /djstatic/admin/js/admin/RelatedObjectLookups.js HTTP/1.1" 200 6078
INFO 2021-08-12 14:50:40,177 basehttp 3804 10324 "GET /djstatic/admin/js/core.js HTTP/1.1" 200 5418
INFO 2021-08-12 14:50:40,179 basehttp 3804 12116 "GET /djstatic/admin/js/actions.js HTTP/1.1" 200 6783
INFO 2021-08-12 14:50:40,181 basehttp 3804 2444 "GET /djstatic/admin/js/urlify.js HTTP/1.1" 200 8632
INFO 2021-08-12 14:50:40,184 basehttp 3804 9788 "GET /djstatic/admin/js/prepopulate.js HTTP/1.1" 200 1531
INFO 2021-08-12 14:50:40,186 basehttp 3804 12956 "GET /djstatic/admin/js/vendor/jquery/jquery.js HTTP/1.1" 200 287630
INFO 2021-08-12 14:50:40,195 basehttp 3804 12540 "GET /djstatic/admin/js/vendor/xregexp/xregexp.js HTTP/1.1" 200 232381
INFO 2021-08-12 14:50:40,233 basehttp 3804 12540 "GET /djstatic/admin/css/fonts.css HTTP/1.1" 200 423
INFO 2021-08-12 14:50:40,259 basehttp 3804 12540 "GET /djstatic/admin/js/nav_sidebar.js HTTP/1.1" 200 1360
INFO 2021-08-12 14:50:40,261 basehttp 3804 12956 "GET /djstatic/admin/img/search.svg HTTP/1.1" 200 458
INFO 2021-08-12 14:50:40,319 basehttp 3804 12956 "GET /djstatic/admin/img/icon-no.svg HTTP/1.1" 200 560
INFO 2021-08-12 14:50:40,319 basehttp 3804 12540 "GET /djstatic/admin/img/icon-yes.svg HTTP/1.1" 200 436
INFO 2021-08-12 14:50:40,344 basehttp 3804 12956 "GET /djstatic/admin/img/icon-addlink.svg HTTP/1.1" 200 331
INFO 2021-08-12 14:50:40,347 basehttp 3804 12540 "GET /djstatic/admin/img/tooltag-add.svg HTTP/1.1" 200 331
INFO 2021-08-12 14:50:40,357 basehttp 3804 12956 "GET /djstatic/admin/fonts/Roboto-Regular-webfont.woff HTTP/1.1" 200 85876
INFO 2021-08-12 14:50:40,357 basehttp 3804 2444 "GET /djstatic/admin/img/sorting-icons.svg HTTP/1.1" 200 1097
INFO 2021-08-12 14:50:40,367 basehttp 3804 12956 "GET /djstatic/admin/fonts/Roboto-Light-webfont.woff HTTP/1.1" 200 85692
INFO 2021-08-12 14:50:40,368 basehttp 3804 2444 "GET /djstatic/admin/fonts/Roboto-Bold-webfont.woff HTTP/1.1" 200 86184
INFO 2021-08-12 14:50:43,161 basehttp 3804 12956 "GET /admin/authperm/userinfo/ HTTP/1.1" 200 31167
INFO 2021-08-12 14:50:43,200 basehttp 3804 12956 "GET /djstatic/admin/css/base.css HTTP/1.1" 200 16307
INFO 2021-08-12 14:50:43,205 basehttp 3804 2444 "GET /djstatic/admin/css/nav_sidebar.css HTTP/1.1" 200 2138
INFO 2021-08-12 14:50:43,220 basehttp 3804 12540 "GET /djstatic/admin/css/changelists.css HTTP/1.1" 200 6302
INFO 2021-08-12 14:50:43,223 basehttp 3804 2444 "GET /djstatic/admin/css/responsive.css HTTP/1.1" 200 18344
INFO 2021-08-12 14:50:43,230 basehttp 3804 12956 "GET /djstatic/admin/js/core.js HTTP/1.1" 200 5418
INFO 2021-08-12 14:50:43,232 basehttp 3804 12116 "GET /djstatic/admin/js/jquery.init.js HTTP/1.1" 200 347
INFO 2021-08-12 14:50:43,235 basehttp 3804 9788 "GET /admin/jsi18n/ HTTP/1.1" 200 7732
INFO 2021-08-12 14:50:43,239 basehttp 3804 12540 "GET /djstatic/admin/js/admin/RelatedObjectLookups.js HTTP/1.1" 200 6078
INFO 2021-08-12 14:50:43,240 basehttp 3804 12956 "GET /djstatic/admin/js/actions.js HTTP/1.1" 200 6783
INFO 2021-08-12 14:50:43,241 basehttp 3804 2444 "GET /djstatic/admin/js/prepopulate.js HTTP/1.1" 200 1531
INFO 2021-08-12 14:50:43,242 basehttp 3804 12116 "GET /djstatic/admin/js/urlify.js HTTP/1.1" 200 8632
INFO 2021-08-12 14:50:43,244 basehttp 3804 10324 "GET /djstatic/admin/js/vendor/jquery/jquery.js HTTP/1.1" 200 287630
INFO 2021-08-12 14:50:43,257 basehttp 3804 9788 "GET /djstatic/admin/js/vendor/xregexp/xregexp.js HTTP/1.1" 200 232381
INFO 2021-08-12 14:50:43,273 basehttp 3804 9788 "GET /djstatic/admin/css/fonts.css HTTP/1.1" 200 423
INFO 2021-08-12 14:50:43,300 basehttp 3804 9788 "GET /djstatic/admin/js/nav_sidebar.js HTTP/1.1" 200 1360
INFO 2021-08-12 14:50:43,307 basehttp 3804 10324 "GET /djstatic/admin/img/search.svg HTTP/1.1" 200 458
INFO 2021-08-12 14:50:43,352 basehttp 3804 10324 "GET /djstatic/admin/img/icon-no.svg HTTP/1.1" 200 560
INFO 2021-08-12 14:50:43,354 basehttp 3804 9788 "GET /djstatic/admin/img/icon-yes.svg HTTP/1.1" 200 436
INFO 2021-08-12 14:50:43,378 basehttp 3804 9788 "GET /djstatic/admin/img/icon-addlink.svg HTTP/1.1" 200 331
INFO 2021-08-12 14:50:43,387 basehttp 3804 2444 "GET /djstatic/admin/fonts/Roboto-Regular-webfont.woff HTTP/1.1" 200 85876
INFO 2021-08-12 14:50:43,387 basehttp 3804 10324 "GET /djstatic/admin/img/tooltag-add.svg HTTP/1.1" 200 331
INFO 2021-08-12 14:50:43,394 basehttp 3804 9788 "GET /djstatic/admin/img/sorting-icons.svg HTTP/1.1" 200 1097
INFO 2021-08-12 14:50:43,407 basehttp 3804 9788 "GET /djstatic/admin/fonts/Roboto-Light-webfont.woff HTTP/1.1" 200 85692
INFO 2021-08-12 14:50:43,411 basehttp 3804 2444 "GET /djstatic/admin/fonts/Roboto-Bold-webfont.woff HTTP/1.1" 200 86184
INFO 2021-08-12 14:51:28,650 autoreload 8336 12572 Watching for file changes with StatReloader
INFO 2021-08-12 14:51:29,409 basehttp 8336 2464 "GET /admin/authperm/userinfo/ HTTP/1.1" 200 33193
INFO 2021-08-12 14:51:29,453 basehttp 8336 2464 "GET /djstatic/admin/css/base.css HTTP/1.1" 200 16307
INFO 2021-08-12 14:51:29,460 basehttp 8336 1324 "GET /djstatic/admin/css/nav_sidebar.css HTTP/1.1" 200 2138
INFO 2021-08-12 14:51:29,471 basehttp 8336 1324 "GET /djstatic/admin/js/jquery.init.js HTTP/1.1" 200 347
INFO 2021-08-12 14:51:29,473 basehttp 8336 9896 "GET /djstatic/admin/css/changelists.css HTTP/1.1" 200 6302
INFO 2021-08-12 14:51:29,482 basehttp 8336 1340 "GET /admin/jsi18n/ HTTP/1.1" 200 7732
INFO 2021-08-12 14:51:29,485 basehttp 8336 1324 "GET /djstatic/admin/js/core.js HTTP/1.1" 200 5418
INFO 2021-08-12 14:51:29,489 basehttp 8336 9896 "GET /djstatic/admin/js/admin/RelatedObjectLookups.js HTTP/1.1" 200 6078
INFO 2021-08-12 14:51:29,493 basehttp 8336 2464 "GET /djstatic/admin/js/vendor/jquery/jquery.js HTTP/1.1" 200 287630
INFO 2021-08-12 14:51:29,495 basehttp 8336 3156 "GET /djstatic/admin/css/responsive.css HTTP/1.1" 200 18344
INFO 2021-08-12 14:51:29,497 basehttp 8336 1340 "GET /djstatic/admin/js/urlify.js HTTP/1.1" 200 8632
INFO 2021-08-12 14:51:29,497 basehttp 8336 1324 "GET /djstatic/admin/js/prepopulate.js HTTP/1.1" 200 1531
INFO 2021-08-12 14:51:29,500 basehttp 8336 12832 "GET /djstatic/admin/js/actions.js HTTP/1.1" 200 6783
INFO 2021-08-12 14:51:29,501 basehttp 8336 9896 "GET /djstatic/admin/js/vendor/xregexp/xregexp.js HTTP/1.1" 200 232381
INFO 2021-08-12 14:51:29,521 basehttp 8336 9896 "GET /djstatic/admin/css/fonts.css HTTP/1.1" 200 423
INFO 2021-08-12 14:51:29,550 basehttp 8336 9896 "GET /djstatic/admin/js/nav_sidebar.js HTTP/1.1" 200 1360
INFO 2021-08-12 14:51:29,599 basehttp 8336 9896 "GET /djstatic/admin/img/search.svg HTTP/1.1" 200 458
INFO 2021-08-12 14:51:29,616 basehttp 8336 9896 "GET /djstatic/admin/img/icon-no.svg HTTP/1.1" 200 560
INFO 2021-08-12 14:51:29,616 basehttp 8336 12832 "GET /djstatic/admin/img/icon-yes.svg HTTP/1.1" 200 436
INFO 2021-08-12 14:51:29,632 basehttp 8336 12832 "GET /djstatic/admin/img/icon-addlink.svg HTTP/1.1" 200 331
INFO 2021-08-12 14:51:29,638 basehttp 8336 9896 "GET /djstatic/admin/img/tooltag-add.svg HTTP/1.1" 200 331
INFO 2021-08-12 14:51:29,640 basehttp 8336 1324 "GET /djstatic/admin/fonts/Roboto-Regular-webfont.woff HTTP/1.1" 200 85876
INFO 2021-08-12 14:51:29,643 basehttp 8336 12832 "GET /djstatic/admin/img/sorting-icons.svg HTTP/1.1" 200 1097
INFO 2021-08-12 14:51:29,649 basehttp 8336 9896 "GET /djstatic/admin/fonts/Roboto-Bold-webfont.woff HTTP/1.1" 200 86184
INFO 2021-08-12 14:51:29,650 basehttp 8336 1324 "GET /djstatic/admin/fonts/Roboto-Light-webfont.woff HTTP/1.1" 200 85692
INFO 2021-08-12 14:52:09,585 basehttp 8336 9896 "GET /admin/authperm/userinfo/ HTTP/1.1" 200 33193
INFO 2021-08-12 14:52:09,649 basehttp 8336 1324 "GET /djstatic/admin/css/nav_sidebar.css HTTP/1.1" 200 2138
INFO 2021-08-12 14:52:09,649 basehttp 8336 9896 "GET /djstatic/admin/css/base.css HTTP/1.1" 200 16307
INFO 2021-08-12 14:52:09,650 basehttp 8336 12832 "GET /djstatic/admin/css/changelists.css HTTP/1.1" 200 6302
INFO 2021-08-12 14:52:09,651 basehttp 8336 2464 "GET /djstatic/admin/js/jquery.init.js HTTP/1.1" 200 347
INFO 2021-08-12 14:52:09,658 basehttp 8336 1340 "GET /admin/jsi18n/ HTTP/1.1" 200 7732
INFO 2021-08-12 14:52:09,667 basehttp 8336 9896 "GET /djstatic/admin/css/responsive.css HTTP/1.1" 200 18344
INFO 2021-08-12 14:52:09,668 basehttp 8336 12832 "GET /djstatic/admin/js/admin/RelatedObjectLookups.js HTTP/1.1" 200 6078
INFO 2021-08-12 14:52:09,669 basehttp 8336 1324 "GET /djstatic/admin/js/core.js HTTP/1.1" 200 5418
INFO 2021-08-12 14:52:09,670 basehttp 8336 2464 "GET /djstatic/admin/js/actions.js HTTP/1.1" 200 6783
INFO 2021-08-12 14:52:09,671 basehttp 8336 1340 "GET /djstatic/admin/js/urlify.js HTTP/1.1" 200 8632
INFO 2021-08-12 14:52:09,678 basehttp 8336 12832 "GET /djstatic/admin/js/prepopulate.js HTTP/1.1" 200 1531
INFO 2021-08-12 14:52:09,679 basehttp 8336 3156 "GET /djstatic/admin/js/vendor/jquery/jquery.js HTTP/1.1" 200 287630
INFO 2021-08-12 14:52:09,682 basehttp 8336 1324 "GET /djstatic/admin/js/vendor/xregexp/xregexp.js HTTP/1.1" 200 232381
INFO 2021-08-12 14:52:09,751 basehttp 8336 1324 "GET /djstatic/admin/css/fonts.css HTTP/1.1" 200 423
INFO 2021-08-12 14:52:09,755 basehttp 8336 12832 "GET /djstatic/admin/js/nav_sidebar.js HTTP/1.1" 200 1360
INFO 2021-08-12 14:52:09,768 basehttp 8336 1324 "GET /djstatic/admin/img/search.svg HTTP/1.1" 200 458
INFO 2021-08-12 14:52:09,839 basehttp 8336 1324 "GET /djstatic/admin/img/icon-no.svg HTTP/1.1" 200 560
INFO 2021-08-12 14:52:09,839 basehttp 8336 12832 "GET /djstatic/admin/img/icon-yes.svg HTTP/1.1" 200 436
INFO 2021-08-12 14:52:09,855 basehttp 8336 1324 "GET /djstatic/admin/img/icon-addlink.svg HTTP/1.1" 200 331
INFO 2021-08-12 14:52:09,866 basehttp 8336 12832 "GET /djstatic/admin/img/tooltag-add.svg HTTP/1.1" 200 331
INFO 2021-08-12 14:52:09,869 basehttp 8336 1340 "GET /djstatic/admin/img/sorting-icons.svg HTTP/1.1" 200 1097
INFO 2021-08-12 14:52:09,871 basehttp 8336 3156 "GET /djstatic/admin/fonts/Roboto-Regular-webfont.woff HTTP/1.1" 200 85876
INFO 2021-08-12 14:52:09,878 basehttp 8336 1324 "GET /djstatic/admin/fonts/Roboto-Light-webfont.woff HTTP/1.1" 200 85692
INFO 2021-08-12 14:52:09,881 basehttp 8336 2464 "GET /djstatic/admin/fonts/Roboto-Bold-webfont.woff HTTP/1.1" 200 86184
INFO 2021-08-12 14:52:43,775 autoreload 8336 12572 E:\doplat\project\__init__.py changed, reloading.
INFO 2021-08-12 14:52:44,753 autoreload 12144 8100 Watching for file changes with StatReloader
INFO 2021-08-12 14:53:08,816 autoreload 1640 1048 Watching for file changes with StatReloader
INFO 2021-08-12 14:53:26,893 basehttp 1640 8740 "GET /admin/authperm/userinfo/ HTTP/1.1" 200 33230
INFO 2021-08-12 14:53:26,925 basehttp 1640 8740 "GET /djstatic/admin/css/base.css HTTP/1.1" 200 16307
INFO 2021-08-12 14:53:26,927 basehttp 1640 12480 "GET /djstatic/admin/css/nav_sidebar.css HTTP/1.1" 200 2138
INFO 2021-08-12 14:53:26,933 basehttp 1640 1968 "GET /djstatic/admin/css/changelists.css HTTP/1.1" 200 6302
INFO 2021-08-12 14:53:26,967 basehttp 1640 1968 "GET /djstatic/admin/css/responsive.css HTTP/1.1" 200 18344
INFO 2021-08-12 14:53:26,981 basehttp 1640 1968 "GET /djstatic/admin/css/fonts.css HTTP/1.1" 200 423
INFO 2021-08-12 14:53:26,990 basehttp 1640 12480 "GET /admin/jsi18n/ HTTP/1.1" 200 7732
INFO 2021-08-12 14:53:26,992 basehttp 1640 1968 "GET /djstatic/admin/js/jquery.init.js HTTP/1.1" 200 347
INFO 2021-08-12 14:53:26,994 basehttp 1640 8740 "GET /djstatic/admin/js/vendor/jquery/jquery.js HTTP/1.1" 200 287630
INFO 2021-08-12 14:53:27,003 basehttp 1640 8740 "GET /djstatic/admin/js/core.js HTTP/1.1" 200 5418
INFO 2021-08-12 14:53:27,012 basehttp 1640 8740 "GET /djstatic/admin/js/admin/RelatedObjectLookups.js HTTP/1.1" 200 6078
INFO 2021-08-12 14:53:27,015 basehttp 1640 8740 "GET /djstatic/admin/js/actions.js HTTP/1.1" 200 6783
INFO 2021-08-12 14:53:27,036 basehttp 1640 8740 "GET /djstatic/admin/js/urlify.js HTTP/1.1" 200 8632
INFO 2021-08-12 14:53:27,044 basehttp 1640 8740 "GET /djstatic/admin/js/prepopulate.js HTTP/1.1" 200 1531
INFO 2021-08-12 14:53:27,051 basehttp 1640 8740 "GET /djstatic/admin/js/vendor/xregexp/xregexp.js HTTP/1.1" 200 232381
INFO 2021-08-12 14:53:27,062 basehttp 1640 8740 "GET /djstatic/admin/js/nav_sidebar.js HTTP/1.1" 200 1360
INFO 2021-08-12 14:53:27,069 basehttp 1640 8740 "GET /djstatic/admin/img/search.svg HTTP/1.1" 200 458
INFO 2021-08-12 14:53:27,072 basehttp 1640 1968 "GET /djstatic/admin/img/icon-no.svg HTTP/1.1" 200 560
INFO 2021-08-12 14:53:27,087 basehttp 1640 1968 "GET /djstatic/admin/img/icon-yes.svg HTTP/1.1" 200 436
INFO 2021-08-12 14:53:27,182 basehttp 1640 1968 "GET /djstatic/admin/fonts/Roboto-Regular-webfont.woff HTTP/1.1" 200 85876
INFO 2021-08-12 14:53:27,203 basehttp 1640 1968 "GET /djstatic/admin/fonts/Roboto-Light-webfont.woff HTTP/1.1" 200 85692
INFO 2021-08-12 14:53:27,314 basehttp 1640 1968 "GET /djstatic/admin/fonts/Roboto-Bold-webfont.woff HTTP/1.1" 200 86184
INFO 2021-08-12 14:53:27,348 basehttp 1640 1968 "GET /djstatic/admin/img/tooltag-add.svg HTTP/1.1" 200 331
INFO 2021-08-12 14:53:27,354 basehttp 1640 1968 "GET /djstatic/admin/img/sorting-icons.svg HTTP/1.1" 200 1097
INFO 2021-08-12 14:53:27,360 basehttp 1640 1968 "GET /djstatic/admin/img/icon-addlink.svg HTTP/1.1" 200 331
INFO 2021-08-12 14:55:32,655 autoreload 12772 6376 Watching for file changes with StatReloader
INFO 2021-08-12 14:56:21,754 autoreload 12636 12144 Watching for file changes with StatReloader
INFO 2021-08-12 14:56:25,376 basehttp 12636 3912 "GET /admin/authperm/userinfo/ HTTP/1.1" 200 33242
INFO 2021-08-12 14:56:25,428 basehttp 12636 3912 "GET /djstatic/admin/css/base.css HTTP/1.1" 200 16307
INFO 2021-08-12 14:56:25,439 basehttp 12636 12532 "GET /djstatic/admin/css/nav_sidebar.css HTTP/1.1" 200 2138
INFO 2021-08-12 14:56:25,439 basehttp 12636 3912 "GET /djstatic/admin/css/responsive.css HTTP/1.1" 200 18344
INFO 2021-08-12 14:56:25,447 basehttp 12636 3912 "GET /djstatic/admin/js/admin/RelatedObjectLookups.js HTTP/1.1" 200 6078
INFO 2021-08-12 14:56:25,448 basehttp 12636 12532 "GET /djstatic/admin/js/core.js HTTP/1.1" 200 5418
INFO 2021-08-12 14:56:25,449 basehttp 12636 12268 "GET /djstatic/admin/css/changelists.css HTTP/1.1" 200 6302
INFO 2021-08-12 14:56:25,470 basehttp 12636 5996 "GET /admin/jsi18n/ HTTP/1.1" 200 7732
INFO 2021-08-12 14:56:25,473 basehttp 12636 12532 "GET /djstatic/admin/js/actions.js HTTP/1.1" 200 6783
INFO 2021-08-12 14:56:25,483 basehttp 12636 12268 "GET /djstatic/admin/js/urlify.js HTTP/1.1" 200 8632
INFO 2021-08-12 14:56:25,484 basehttp 12636 3912 "GET /djstatic/admin/js/prepopulate.js HTTP/1.1" 200 1531
INFO 2021-08-12 14:56:25,494 basehttp 12636 5996 "GET /djstatic/admin/css/fonts.css HTTP/1.1" 200 423
INFO 2021-08-12 14:56:25,500 basehttp 12636 12532 "GET /djstatic/admin/js/vendor/xregexp/xregexp.js HTTP/1.1" 200 232381
INFO 2021-08-12 14:56:25,524 basehttp 12636 11268 "GET /djstatic/admin/js/vendor/jquery/jquery.js HTTP/1.1" 200 287630
INFO 2021-08-12 14:56:25,531 basehttp 12636 1916 "GET /djstatic/admin/js/jquery.init.js HTTP/1.1" 200 347
INFO 2021-08-12 14:56:25,543 basehttp 12636 1916 "GET /djstatic/admin/js/nav_sidebar.js HTTP/1.1" 200 1360
INFO 2021-08-12 14:56:25,593 basehttp 12636 1916 "GET /djstatic/admin/img/search.svg HTTP/1.1" 200 458
INFO 2021-08-12 14:56:25,630 basehttp 12636 11268 "GET /djstatic/admin/img/icon-no.svg HTTP/1.1" 200 560
INFO 2021-08-12 14:56:25,631 basehttp 12636 12532 "GET /djstatic/admin/img/icon-yes.svg HTTP/1.1" 200 436
INFO 2021-08-12 14:56:25,669 basehttp 12636 5996 "GET /djstatic/admin/img/sorting-icons.svg HTTP/1.1" 200 1097
INFO 2021-08-12 14:56:25,670 basehttp 12636 12532 "GET /djstatic/admin/img/icon-addlink.svg HTTP/1.1" 200 331
INFO 2021-08-12 14:56:25,670 basehttp 12636 11268 "GET /djstatic/admin/img/tooltag-add.svg HTTP/1.1" 200 331
INFO 2021-08-12 14:56:25,672 basehttp 12636 1916 "GET /djstatic/admin/fonts/Roboto-Regular-webfont.woff HTTP/1.1" 200 85876
INFO 2021-08-12 14:56:25,678 basehttp 12636 3912 "GET /djstatic/admin/fonts/Roboto-Bold-webfont.woff HTTP/1.1" 200 86184
INFO 2021-08-12 14:56:25,678 basehttp 12636 12268 "GET /djstatic/admin/fonts/Roboto-Light-webfont.woff HTTP/1.1" 200 85692
INFO 2021-08-12 14:57:43,554 autoreload 12636 12144 E:\doplat\project\apps.py changed, reloading.
INFO 2021-08-12 14:57:45,326 autoreload 13116 5624 Watching for file changes with StatReloader
INFO 2021-08-12 14:57:45,974 basehttp 13116 1340 "GET /admin/authperm/userinfo/ HTTP/1.1" 200 33242
INFO 2021-08-12 14:57:46,019 basehttp 13116 1340 "GET /admin/jsi18n/ HTTP/1.1" 200 7732
INFO 2021-08-12 14:57:50,960 basehttp 13116 1340 "GET /admin/authperm/l1menu/ HTTP/1.1" 200 12745
INFO 2021-08-12 14:57:50,995 basehttp 13116 1340 "GET /admin/jsi18n/ HTTP/1.1" 200 7732
INFO 2021-08-12 14:57:51,661 basehttp 13116 1340 "GET /admin/authperm/l2menu/ HTTP/1.1" 200 12745
INFO 2021-08-12 14:57:51,691 basehttp 13116 1340 "GET /admin/jsi18n/ HTTP/1.1" 200 7732
INFO 2021-08-12 14:57:52,752 basehttp 13116 1340 "GET /admin/authperm/userinfo/ HTTP/1.1" 200 33242
INFO 2021-08-12 14:57:52,781 basehttp 13116 1340 "GET /admin/jsi18n/ HTTP/1.1" 200 7732
INFO 2021-08-12 14:57:54,212 basehttp 13116 1340 "GET /admin/authperm/l2menu/ HTTP/1.1" 200 12745
INFO 2021-08-12 14:57:54,241 basehttp 13116 1340 "GET /admin/jsi18n/ HTTP/1.1" 200 7732
INFO 2021-08-12 14:57:56,003 basehttp 13116 1340 "GET /admin/authperm/l1menu/ HTTP/1.1" 200 12745
INFO 2021-08-12 14:57:56,034 basehttp 13116 1340 "GET /admin/jsi18n/ HTTP/1.1" 200 7732
INFO 2021-08-12 14:58:54,016 autoreload 13116 5624 E:\doplat\authperm\apps.py changed, reloading.
INFO 2021-08-12 14:58:55,731 autoreload 13136 11428 Watching for file changes with StatReloader
INFO 2021-08-12 15:02:16,341 basehttp 13136 10736 "GET /admin/authperm/l1menu/ HTTP/1.1" 200 17514
INFO 2021-08-12 15:02:16,373 basehttp 13136 10736 "GET /admin/jsi18n/ HTTP/1.1" 200 7732
INFO 2021-08-12 15:02:19,217 basehttp 13136 10736 "GET /admin/authperm/l2menu/ HTTP/1.1" 200 18288
INFO 2021-08-12 15:02:19,246 basehttp 13136 10736 "GET /admin/jsi18n/ HTTP/1.1" 200 7732
INFO 2021-08-12 15:02:22,135 basehttp 13136 10736 "GET /admin/authperm/l1menu/ HTTP/1.1" 200 17514
INFO 2021-08-12 15:02:22,166 basehttp 13136 10736 "GET /admin/jsi18n/ HTTP/1.1" 200 7732
INFO 2021-08-12 15:02:22,807 basehttp 13136 10736 "GET /admin/authperm/l2menu/ HTTP/1.1" 200 18288
INFO 2021-08-12 15:02:22,837 basehttp 13136 10736 "GET /admin/jsi18n/ HTTP/1.1" 200 7732
INFO 2021-08-12 15:06:09,719 basehttp 13136 10736 "GET /admin/oauth2_provider/application/ HTTP/1.1" 200 14244
INFO 2021-08-12 15:06:09,750 basehttp 13136 10736 "GET /admin/jsi18n/ HTTP/1.1" 200 7732
INFO 2021-08-12 15:06:11,506 basehttp 13136 10736 "GET /admin/oauth2_provider/application/add/ HTTP/1.1" 200 19614
INFO 2021-08-12 15:06:11,547 basehttp 13136 10072 "GET /admin/jsi18n/ HTTP/1.1" 200 7732
INFO 2021-08-12 15:06:11,548 basehttp 13136 10736 "GET /djstatic/admin/css/forms.css HTTP/1.1" 200 8423
INFO 2021-08-12 15:06:11,553 basehttp 13136 12880 "GET /djstatic/admin/js/prepopulate_init.js HTTP/1.1" 200 492
INFO 2021-08-12 15:06:11,584 basehttp 13136 10072 "GET /djstatic/admin/css/widgets.css HTTP/1.1" 200 10592
INFO 2021-08-12 15:06:11,585 basehttp 13136 12880 "GET /djstatic/admin/js/change_form.js HTTP/1.1" 200 606
INFO 2021-08-12 15:10:32,876 basehttp 13136 12880 "POST /admin/oauth2_provider/application/add/ HTTP/1.1" 302 0
INFO 2021-08-12 15:10:32,942 basehttp 13136 12880 "GET /admin/oauth2_provider/application/1/change/ HTTP/1.1" 200 20183
INFO 2021-08-12 15:10:32,975 basehttp 13136 12880 "GET /admin/jsi18n/ HTTP/1.1" 200 7732
INFO 2021-08-12 15:10:33,022 basehttp 13136 12880 "GET /djstatic/admin/img/tooltag-arrowright.svg HTTP/1.1" 200 280
WARNING 2021-08-12 15:11:59,462 log 13136 12880 Bad Request: /api/o/token/
WARNING 2021-08-12 15:11:59,463 basehttp 13136 12880 "POST /api/o/token/ HTTP/1.1" 400 77
WARNING 2021-08-12 15:12:26,338 log 13136 12880 Bad Request: /api/o/token/
WARNING 2021-08-12 15:12:26,338 basehttp 13136 12880 "POST /api/o/token/ HTTP/1.1" 400 77
WARNING 2021-08-12 15:12:42,451 log 13136 12880 Bad Request: /api/o/token/
WARNING 2021-08-12 15:12:42,452 basehttp 13136 12880 "POST /api/o/token/ HTTP/1.1" 400 77
WARNING 2021-08-12 15:13:13,399 log 13136 12880 Bad Request: /api/o/token/
WARNING 2021-08-12 15:13:13,399 basehttp 13136 12880 "POST /api/o/token/ HTTP/1.1" 400 77
INFO 2021-08-12 15:14:48,980 basehttp 13136 12880 "POST /admin/oauth2_provider/application/1/change/ HTTP/1.1" 302 0
INFO 2021-08-12 15:14:49,028 basehttp 13136 12880 "GET /admin/oauth2_provider/application/ HTTP/1.1" 200 16466
INFO 2021-08-12 15:14:49,067 basehttp 13136 12880 "GET /admin/jsi18n/ HTTP/1.1" 200 7732
INFO 2021-08-12 15:14:53,718 basehttp 13136 12880 "GET /admin/oauth2_provider/application/1/change/ HTTP/1.1" 200 19941
INFO 2021-08-12 15:14:53,751 basehttp 13136 12880 "GET /admin/jsi18n/ HTTP/1.1" 200 7732
WARNING 2021-08-12 15:15:42,628 log 13136 12880 Bad Request: /api/o/token/
WARNING 2021-08-12 15:15:42,629 basehttp 13136 12880 "POST /api/o/token/ HTTP/1.1" 400 77
INFO 2021-08-12 15:16:18,582 autoreload 13136 11428 E:\PyEnv\doplat\Lib\site-packages\oauth2_provider\contrib\__init__.py changed, reloading.
INFO 2021-08-12 15:16:20,882 autoreload 6280 3100 Watching for file changes with StatReloader
INFO 2021-08-12 15:17:12,997 autoreload 6280 3100 E:\PyEnv\doplat\Lib\site-packages\oauth2_provider\forms.py changed, reloading.
INFO 2021-08-12 15:17:15,261 autoreload 3860 7352 Watching for file changes with StatReloader
INFO 2021-08-12 15:18:45,213 basehttp 3860 10876 "GET /admin/oauth2_provider/application/1/change/ HTTP/1.1" 200 18802
INFO 2021-08-12 15:18:45,250 basehttp 3860 10876 "GET /admin/jsi18n/ HTTP/1.1" 200 7732
WARNING 2021-08-12 15:19:19,747 log 3860 10876 Bad Request: /api/o/token/
WARNING 2021-08-12 15:19:19,747 basehttp 3860 10876 "POST /api/o/token/ HTTP/1.1" 400 77
WARNING 2021-08-12 15:33:08,104 log 3860 1292 Bad Request: /api/o/token/
WARNING 2021-08-12 15:33:08,104 basehttp 3860 1292 "POST /api/o/token/ HTTP/1.1" 400 77
WARNING 2021-08-12 15:33:09,746 log 3860 1292 Bad Request: /api/o/token/
WARNING 2021-08-12 15:33:09,746 basehttp 3860 1292 "POST /api/o/token/ HTTP/1.1" 400 77
INFO 2021-08-12 15:33:29,816 basehttp 3860 1292 "GET /admin/oauth2_provider/application/1/change/ HTTP/1.1" 200 18798
INFO 2021-08-12 15:33:29,861 basehttp 3860 1292 "GET /admin/jsi18n/ HTTP/1.1" 200 7732
WARNING 2021-08-12 15:34:00,263 log 3860 1292 Bad Request: /api/o/token/
WARNING 2021-08-12 15:34:00,264 basehttp 3860 1292 "POST /api/o/token/ HTTP/1.1" 400 77
INFO 2021-08-12 15:34:21,957 basehttp 3860 1292 "GET /admin/logout/ HTTP/1.1" 200 1506
INFO 2021-08-12 15:34:23,842 basehttp 3860 1292 "GET /admin/ HTTP/1.1" 302 0
INFO 2021-08-12 15:34:23,903 basehttp 3860 1292 "GET /admin/login/?next=/admin/ HTTP/1.1" 200 2206
INFO 2021-08-12 15:34:23,932 basehttp 3860 1292 "GET /djstatic/admin/css/login.css HTTP/1.1" 200 1185
INFO 2021-08-12 15:34:50,862 basehttp 3860 1292 "POST /api/o/token/ HTTP/1.1" 200 177
INFO 2021-08-12 15:36:29,637 basehttp 3860 1292 "POST /admin/login/?next=/admin/ HTTP/1.1" 302 0
INFO 2021-08-12 15:36:29,669 basehttp 3860 1292 "GET /admin/ HTTP/1.1" 200 14067
INFO 2021-08-12 15:36:43,949 basehttp 3860 1292 "GET /admin/oauth2_provider/application/ HTTP/1.1" 200 15809
INFO 2021-08-12 15:36:43,984 basehttp 3860 1292 "GET /admin/jsi18n/ HTTP/1.1" 200 7732
INFO 2021-08-12 15:36:46,735 basehttp 3860 1292 "GET /admin/oauth2_provider/application/1/change/ HTTP/1.1" 200 18798
INFO 2021-08-12 15:36:46,772 basehttp 3860 1292 "GET /admin/jsi18n/ HTTP/1.1" 200 7732
INFO 2021-08-12 15:36:54,917 basehttp 3860 1292 "POST /admin/oauth2_provider/application/1/change/ HTTP/1.1" 302 0
INFO 2021-08-12 15:36:54,968 basehttp 3860 1292 "GET /admin/oauth2_provider/application/ HTTP/1.1" 200 16018
INFO 2021-08-12 15:36:55,002 basehttp 3860 1292 "GET /admin/jsi18n/ HTTP/1.1" 200 7732
INFO 2021-08-12 15:36:58,079 basehttp 3860 1292 "POST /api/o/token/ HTTP/1.1" 200 177
INFO 2021-08-12 15:37:04,930 basehttp 3860 1292 "GET /admin/app/address/ HTTP/1.1" 200 12410
INFO 2021-08-12 15:37:04,960 basehttp 3860 1292 "GET /admin/jsi18n/ HTTP/1.1" 200 7732
INFO 2021-08-12 15:37:07,491 basehttp 3860 1292 "GET /admin/authperm/l2menu/ HTTP/1.1" 200 12429
INFO 2021-08-12 15:37:07,523 basehttp 3860 1292 "GET /admin/jsi18n/ HTTP/1.1" 200 7732
INFO 2021-08-12 15:37:08,134 basehttp 3860 1292 "GET /admin/authperm/l1menu/ HTTP/1.1" 200 12429
INFO 2021-08-12 15:37:08,166 basehttp 3860 1292 "GET /admin/jsi18n/ HTTP/1.1" 200 7732
INFO 2021-08-12 15:37:47,288 basehttp 3860 1292 "GET /admin/authperm/l1menu/ HTTP/1.1" 200 17198
INFO 2021-08-12 15:37:47,322 basehttp 3860 1292 "GET /admin/jsi18n/ HTTP/1.1" 200 7732
INFO 2021-08-12 15:37:48,713 basehttp 3860 1292 "GET /admin/authperm/l2menu/ HTTP/1.1" 200 17972
INFO 2021-08-12 15:37:48,746 basehttp 3860 1292 "GET /admin/jsi18n/ HTTP/1.1" 200 7732
INFO 2021-08-12 15:43:44,487 autoreload 3912 8792 Watching for file changes with StatReloader
INFO 2021-08-12 15:48:11,475 basehttp 3912 6712 "GET /api/address/ HTTP/1.1" 200 2
INFO 2021-08-12 15:48:11,500 basehttp 3912 12668 "GET /api/popular-url/ HTTP/1.1" 200 2
INFO 2021-08-12 15:48:14,762 basehttp 3912 6304 "GET /api/address/ HTTP/1.1" 200 2
INFO 2021-08-12 15:48:14,766 basehttp 3912 13936 "GET /api/popular-url/ HTTP/1.1" 200 2
INFO 2021-08-12 15:48:20,876 basehttp 3912 13888 "POST /api/o/token/ HTTP/1.1" 200 165
INFO 2021-08-12 15:48:20,955 basehttp 3912 12336 "GET /api/getL1Menu/ HTTP/1.1" 200 892
INFO 2021-08-12 15:48:20,955 basehttp 3912 14004 "GET /api/address/ HTTP/1.1" 200 2
INFO 2021-08-12 15:48:20,960 basehttp 3912 11768 "GET /api/popular-url/ HTTP/1.1" 200 2
INFO 2021-08-12 15:48:20,981 basehttp 3912 12104 "GET /api/getL2Menu/?username=jsb HTTP/1.1" 200 1275
INFO 2021-08-12 15:48:25,112 basehttp 3912 12856 "GET /api/project-for-config/ HTTP/1.1" 200 2
INFO 2021-08-12 15:48:26,660 basehttp 3912 6660 "GET /api/getUserHostedInfo/ HTTP/1.1" 200 1430
INFO 2021-08-12 15:48:29,073 basehttp 3912 13188 "GET /api/getEnv/ HTTP/1.1" 200 2
INFO 2021-08-12 15:48:29,080 basehttp 3912 7256 "GET /api/getHosts/?page=1&inside_ip=&env=&cloud_user=&limit=10 HTTP/1.1" 200 52
INFO 2021-08-12 15:48:51,863 basehttp 3912 10216 "GET /api/accounts/?page=1&limit=10&name= HTTP/1.1" 200 52
INFO 2021-08-12 15:51:52,206 basehttp 3912 4920 "GET /api/getL1Menu/ HTTP/1.1" 200 892
INFO 2021-08-12 15:51:52,317 basehttp 3912 13360 "GET /api/project-for-config/ HTTP/1.1" 200 942
INFO 2021-08-12 15:51:52,318 basehttp 3912 7180 "GET /api/getL2Menu/?username=jsb HTTP/1.1" 200 1275
INFO 2021-08-12 15:51:52,454 basehttp 3912 4604 "GET /api/project/28/ HTTP/1.1" 200 127
INFO 2021-08-12 15:51:59,273 basehttp 3912 10632 "GET /api/project/14/ HTTP/1.1" 200 179
INFO 2021-08-12 15:51:59,844 basehttp 3912 13728 "GET /api/project/28/ HTTP/1.1" 200 127
INFO 2021-08-12 15:52:01,144 basehttp 3912 14184 "GET /api/project/4/ HTTP/1.1" 200 120
INFO 2021-08-12 15:52:01,528 basehttp 3912 5364 "GET /api/project/31/ HTTP/1.1" 200 174
INFO 2021-08-12 15:56:41,273 autoreload 3912 8792 E:\doplat\project\serializers\__init__.py changed, reloading.
INFO 2021-08-12 15:56:42,445 autoreload 13188 14096 Watching for file changes with StatReloader
INFO 2021-08-12 15:57:06,290 autoreload 13188 14096 E:\doplat\project\models\__init__.py changed, reloading.
INFO 2021-08-12 15:57:07,833 autoreload 9616 13020 Watching for file changes with StatReloader
INFO 2021-08-12 15:59:10,506 autoreload 9616 13020 E:\doplat\project\models\__init__.py changed, reloading.
INFO 2021-08-12 15:59:11,601 autoreload 14332 12416 Watching for file changes with StatReloader
INFO 2021-08-12 15:59:13,878 autoreload 14332 12416 E:\doplat\project\models\__init__.py changed, reloading.
INFO 2021-08-12 15:59:15,354 autoreload 12392 13596 Watching for file changes with StatReloader
INFO 2021-08-12 15:59:29,549 autoreload 12392 13596 E:\doplat\app\views\account.py changed, reloading.
INFO 2021-08-12 15:59:31,310 autoreload 6760 13480 Watching for file changes with StatReloader
INFO 2021-08-12 16:00:08,741 autoreload 6760 13480 E:\doplat\app\urls.py changed, reloading.
INFO 2021-08-12 16:00:10,376 autoreload 11868 13852 Watching for file changes with StatReloader
INFO 2021-08-12 16:00:40,314 autoreload 4920 5812 Watching for file changes with StatReloader
INFO 2021-08-12 16:11:16,446 basehttp 4920 2364 "GET /api/getGroups/?page=1 HTTP/1.1" 200 428
INFO 2021-08-12 16:11:16,454 basehttp 4920 13188 "GET /api/getUserInfo/?page=1&limit=10 HTTP/1.1" 200 4341
INFO 2021-08-12 16:11:19,228 basehttp 4920 13296 "GET /api/getGroups/?page=1&limit=10 HTTP/1.1" 200 478
INFO 2021-08-12 16:12:22,746 basehttp 4920 9680 "GET /api/getL1Menu/ HTTP/1.1" 200 892
INFO 2021-08-12 16:12:22,801 basehttp 4920 13516 "GET /api/getL2Menu/?username=jsb HTTP/1.1" 200 1275
INFO 2021-08-12 16:12:23,231 basehttp 4920 14112 "GET /api/getGroups/?page=1&limit=10 HTTP/1.1" 200 10868
INFO 2021-08-12 16:12:26,270 basehttp 4920 6012 "GET /api/getUserInfo/?page=1&limit=10 HTTP/1.1" 200 4816
INFO 2021-08-12 16:12:26,362 basehttp 4920 13816 "GET /api/getGroups/?page=1 HTTP/1.1" 200 10818
INFO 2021-08-12 16:12:47,510 basehttp 4920 7988 "GET /api/address/ HTTP/1.1" 200 2
INFO 2021-08-12 16:12:47,512 basehttp 4920 10004 "GET /api/popular-url/ HTTP/1.1" 200 2
INFO 2021-08-12 16:13:36,036 basehttp 4920 4364 "GET /api/getL1Menu/ HTTP/1.1" 200 892
INFO 2021-08-12 16:13:36,097 basehttp 4920 5544 "GET /api/address/ HTTP/1.1" 200 2
INFO 2021-08-12 16:13:36,103 basehttp 4920 1376 "GET /api/popular-url/ HTTP/1.1" 200 2
INFO 2021-08-12 16:13:36,160 basehttp 4920 12360 "GET /api/getL2Menu/?username=jsb HTTP/1.1" 200 1275
INFO 2021-08-12 16:13:39,229 basehttp 4920 13932 "GET /api/getL1Menu/ HTTP/1.1" 200 892
INFO 2021-08-12 16:13:39,277 basehttp 4920 4672 "GET /api/address/ HTTP/1.1" 200 2
INFO 2021-08-12 16:13:39,283 basehttp 4920 12448 "GET /api/popular-url/ HTTP/1.1" 200 2
INFO 2021-08-12 16:13:39,288 basehttp 4920 14076 "GET /api/getL2Menu/?username=jsb HTTP/1.1" 200 1275
INFO 2021-08-12 16:13:43,680 basehttp 4920 14160 "GET /api/accounts/?page=1&limit=10&name= HTTP/1.1" 200 2134
INFO 2021-08-12 16:13:47,370 basehttp 4920 13836 "GET /api/accounts/?page=2&limit=10&name= HTTP/1.1" 200 2102
INFO 2021-08-12 16:13:48,595 basehttp 4920 11520 "GET /api/accounts/?page=3&limit=10&name= HTTP/1.1" 200 2445
INFO 2021-08-12 16:13:49,514 basehttp 4920 6740 "GET /api/accounts/?page=4&limit=10&name= HTTP/1.1" 200 2330
INFO 2021-08-12 16:14:34,599 basehttp 4920 12792 "GET /api/getL1Menu/ HTTP/1.1" 200 892
INFO 2021-08-12 16:14:34,663 basehttp 4920 12944 "GET /api/address/ HTTP/1.1" 200 2066
INFO 2021-08-12 16:14:34,736 basehttp 4920 12468 "GET /api/popular-url/ HTTP/1.1" 200 2
INFO 2021-08-12 16:14:34,774 basehttp 4920 6068 "GET /api/getL2Menu/?username=jsb HTTP/1.1" 200 1275
INFO 2021-08-12 16:14:38,128 basehttp 4920 11888 "GET /api/project-for-config/ HTTP/1.1" 200 942
INFO 2021-08-12 16:14:38,194 basehttp 4920 12388 "GET /api/project/28/ HTTP/1.1" 200 127
INFO 2021-08-12 16:14:45,859 basehttp 4920 6264 "GET /api/getUserHostedInfo/ HTTP/1.1" 200 2606
INFO 2021-08-12 16:17:11,059 basehttp 4920 11540 "GET /api/getL1Menu/ HTTP/1.1" 200 892
INFO 2021-08-12 16:17:11,123 basehttp 4920 2364 "GET /api/address/ HTTP/1.1" 200 2066
INFO 2021-08-12 16:17:11,156 basehttp 4920 12392 "GET /api/getL2Menu/?username=jsb HTTP/1.1" 200 1275
INFO 2021-08-12 16:17:11,204 basehttp 4920 13724 "GET /api/popular-url/ HTTP/1.1" 200 2392
INFO 2021-08-12 16:17:13,341 basehttp 4920 11300 "GET /api/project-for-config/ HTTP/1.1" 200 942
INFO 2021-08-12 16:17:13,413 basehttp 4920 13348 "GET /api/project/28/ HTTP/1.1" 200 399
INFO 2021-08-12 16:17:17,013 basehttp 4920 11572 "GET /api/project/14/ HTTP/1.1" 200 702
INFO 2021-08-12 16:17:20,198 basehttp 4920 13536 "GET /api/project/25/ HTTP/1.1" 200 720
INFO 2021-08-12 16:17:46,912 basehttp 4920 2172 "GET /api/getEnv/ HTTP/1.1" 200 395
INFO 2021-08-12 16:17:46,937 basehttp 4920 14116 "GET /api/getHosts/?page=1&inside_ip=&env=&cloud_user=&limit=10 HTTP/1.1" 200 5113
INFO 2021-08-12 16:17:48,223 basehttp 4920 13300 "GET /api/mysql/?inside_addr=&page=1&limit=10 HTTP/1.1" 200 52
INFO 2021-08-12 16:18:06,374 basehttp 4920 11452 "GET /api/getL1Menu/ HTTP/1.1" 200 892
INFO 2021-08-12 16:18:06,478 basehttp 4920 12408 "GET /api/getL2Menu/?username=jsb HTTP/1.1" 200 1275
INFO 2021-08-12 16:18:06,715 basehttp 4920 14164 "GET /api/mysql/?inside_addr=&page=1&limit=10 HTTP/1.1" 200 1079
INFO 2021-08-12 16:18:09,121 basehttp 4920 4364 "GET /api/getEnv/ HTTP/1.1" 200 395
INFO 2021-08-12 16:18:09,128 basehttp 4920 2288 "GET /api/getConfig/?project=&page=1&limit=10 HTTP/1.1" 200 52
INFO 2021-08-12 16:18:09,129 basehttp 4920 5664 "GET /api/project-for-config/ HTTP/1.1" 200 942
INFO 2021-08-12 16:18:26,594 basehttp 4920 14188 "GET /api/getL1Menu/ HTTP/1.1" 200 892
INFO 2021-08-12 16:18:26,652 basehttp 4920 8936 "GET /api/getL2Menu/?username=jsb HTTP/1.1" 200 1275
INFO 2021-08-12 16:18:26,957 basehttp 4920 13980 "GET /api/getEnv/ HTTP/1.1" 200 395
INFO 2021-08-12 16:18:26,976 basehttp 4920 6304 "GET /api/project-for-config/ HTTP/1.1" 200 942
INFO 2021-08-12 16:18:26,982 basehttp 4920 12132 "GET /api/getConfig/?project=&page=1&limit=10 HTTP/1.1" 200 1274
INFO 2021-08-12 16:18:29,385 basehttp 4920 13220 "GET /api/taskresult/?page=1&limit=10 HTTP/1.1" 200 52
INFO 2021-08-12 16:18:37,355 basehttp 4920 12656 "GET /api/accounts/?page=1&limit=10&name= HTTP/1.1" 200 2134
INFO 2021-08-12 16:18:40,764 basehttp 4920 10976 "GET /api/getUserInfo/?page=1&limit=10 HTTP/1.1" 200 4816
INFO 2021-08-12 16:18:40,862 basehttp 4920 8336 "GET /api/getGroups/?page=1 HTTP/1.1" 200 10818
INFO 2021-08-12 16:18:41,235 basehttp 4920 13596 "GET /api/getGroups/?page=1&limit=10 HTTP/1.1" 200 10868
INFO 2021-08-13 09:19:11,824 autoreload 10396 10372 Watching for file changes with StatReloader
WARNING 2021-08-13 14:04:45,268 log 10396 13000 Not Found: /CLodopfuncs.js
WARNING 2021-08-13 14:04:45,269 basehttp 10396 13000 "GET /CLodopfuncs.js?priority=1 HTTP/1.1" 404 2413
WARNING 2021-08-13 14:09:02,588 log 10396 13112 Not Found: /CLodopfuncs.js
WARNING 2021-08-13 14:09:02,589 basehttp 10396 13112 "GET /CLodopfuncs.js?priority=1 HTTP/1.1" 404 2413
WARNING 2021-08-13 14:21:03,435 log 10396 2868 Not Found: /CLodopfuncs.js
WARNING 2021-08-13 14:21:03,436 basehttp 10396 2868 "GET /CLodopfuncs.js?priority=1 HTTP/1.1" 404 2413
WARNING 2021-08-13 14:21:11,863 log 10396 12856 Not Found: /CLodopfuncs.js
WARNING 2021-08-13 14:21:11,863 basehttp 10396 12856 "GET /CLodopfuncs.js?priority=1 HTTP/1.1" 404 2413
